2025-05-28 16:35:44 INFO  [main] test.Login (Login.java:17) - Starting login test with email: sagar@mailinator.com
2025-05-28 16:35:45 INFO  [main] test.Login (Login.java:21) - Login attempt completed for email: sagar@mailinator.com
2025-05-28 16:35:53 INFO  [main] test.Login (Login.java:17) - Starting login test with email: rajat@mailinator.com
2025-05-28 16:35:54 INFO  [main] test.Login (Login.java:21) - Login attempt completed for email: rajat@mailinator.com
2025-05-28 16:36:02 INFO  [main] test.Login (Login.java:17) - Starting login test with email: akash@mailinator.com
2025-05-28 16:36:03 INFO  [main] test.Login (Login.java:21) - Login attempt completed for email: akash@mailinator.com
2025-05-29 17:36:23 INFO  [main] test.Login (Login.java:17) - Starting login test with email: sagar@mailinator.com
2025-05-29 17:36:25 INFO  [main] test.Login (Login.java:21) - Login attempt completed for email: sagar@mailinator.com
2025-05-29 17:36:32 INFO  [main] test.Login (Login.java:17) - Starting login test with email: rajat@mailinator.com
2025-05-29 17:36:34 INFO  [main] test.Login (Login.java:21) - Login attempt completed for email: rajat@mailinator.com
2025-05-29 17:36:40 INFO  [main] test.Login (Login.java:17) - Starting login test with email: akash@mailinator.com
2025-05-29 17:36:41 INFO  [main] test.Login (Login.java:21) - Login attempt completed for email: akash@mailinator.com
2025-05-30 12:54:26 INFO  [main] test.Login (Login.java:17) - Starting login test with email: sagar@mailinator.com
2025-05-30 12:54:26 INFO  [main] test.Login (Login.java:21) - Login attempt completed for email: sagar@mailinator.com
2025-05-30 12:54:31 INFO  [main] test.Login (Login.java:17) - Starting login test with email: rajat@mailinator.com
2025-05-30 12:54:32 INFO  [main] test.Login (Login.java:21) - Login attempt completed for email: rajat@mailinator.com
2025-05-30 12:54:38 INFO  [main] test.Login (Login.java:17) - Starting login test with email: akash@mailinator.com
2025-05-30 12:54:38 INFO  [main] test.Login (Login.java:21) - Login attempt completed for email: akash@mailinator.com
2025-05-30 14:41:04 INFO  [main] test.Login (Login.java:23) - Starting login test with email: sagar@mailinator.com
2025-05-30 14:41:05 INFO  [main] test.Login (Login.java:27) - Login attempt completed for email: sagar@mailinator.com
2025-05-30 14:41:12 INFO  [main] test.Login (Login.java:23) - Starting login test with email: rajat@mailinator.com
2025-05-30 14:41:13 INFO  [main] test.Login (Login.java:27) - Login attempt completed for email: rajat@mailinator.com
2025-05-30 14:41:20 INFO  [main] test.Login (Login.java:23) - Starting login test with email: akash@mailinator.com
2025-05-30 14:41:21 INFO  [main] test.Login (Login.java:27) - Login attempt completed for email: akash@mailinator.com
2025-05-30 14:42:52 INFO  [main] test.Login (Login.java:23) - Starting login test with email: sagar@mailinator.com
2025-05-30 14:42:53 INFO  [main] test.Login (Login.java:27) - Login attempt completed for email: sagar@mailinator.com
2025-05-30 14:43:00 INFO  [main] test.Login (Login.java:23) - Starting login test with email: rajat@mailinator.com
2025-05-30 14:43:01 INFO  [main] test.Login (Login.java:27) - Login attempt completed for email: rajat@mailinator.com
2025-05-30 14:43:08 INFO  [main] test.Login (Login.java:23) - Starting login test with email: akash@mailinator.com
2025-05-30 14:43:09 INFO  [main] test.Login (Login.java:27) - Login attempt completed for email: akash@mailinator.com
2025-05-30 14:43:45 INFO  [main] test.Login (Login.java:23) - Starting login test with email: sagar@mailinator.com
2025-05-30 14:43:46 INFO  [main] test.Login (Login.java:27) - Login attempt completed for email: sagar@mailinator.com
2025-05-30 14:43:53 INFO  [main] test.Login (Login.java:23) - Starting login test with email: rajat@mailinator.com
2025-05-30 14:43:54 INFO  [main] test.Login (Login.java:27) - Login attempt completed for email: rajat@mailinator.com
2025-05-30 14:44:01 INFO  [main] test.Login (Login.java:23) - Starting login test with email: akash@mailinator.com
2025-05-30 14:44:02 INFO  [main] test.Login (Login.java:27) - Login attempt completed for email: akash@mailinator.com
2025-05-30 14:50:09 INFO  [main] test.Login (Login.java:23) - Starting login test with email: sagar@mailinator.com
2025-05-30 14:50:10 INFO  [main] test.Login (Login.java:27) - Login attempt completed for email: sagar@mailinator.com
2025-05-30 14:50:17 INFO  [main] test.Login (Login.java:23) - Starting login test with email: rajat@mailinator.com
2025-05-30 14:50:18 INFO  [main] test.Login (Login.java:27) - Login attempt completed for email: rajat@mailinator.com
2025-05-30 14:50:25 INFO  [main] test.Login (Login.java:23) - Starting login test with email: akash@mailinator.com
2025-05-30 14:50:26 INFO  [main] test.Login (Login.java:27) - Login attempt completed for email: akash@mailinator.com
2025-05-30 14:55:23 INFO  [main] test.Login (Login.java:23) - Starting login test with email: sagar@mailinator.com
2025-05-30 14:55:23 INFO  [main] test.Login (Login.java:27) - Login attempt completed for email: sagar@mailinator.com
2025-05-30 14:55:29 INFO  [main] test.Login (Login.java:23) - Starting login test with email: rajat@mailinator.com
2025-05-30 14:55:30 INFO  [main] test.Login (Login.java:27) - Login attempt completed for email: rajat@mailinator.com
2025-05-30 14:55:35 INFO  [main] test.Login (Login.java:23) - Starting login test with email: akash@mailinator.com
2025-05-30 14:55:36 INFO  [main] test.Login (Login.java:27) - Login attempt completed for email: akash@mailinator.com
2025-05-30 14:56:10 INFO  [main] test.Login (Login.java:23) - Starting login test with email: sagar@mailinator.com
2025-05-30 14:56:11 INFO  [main] test.Login (Login.java:27) - Login attempt completed for email: sagar@mailinator.com
2025-05-30 14:56:16 INFO  [main] test.Login (Login.java:23) - Starting login test with email: rajat@mailinator.com
2025-05-30 14:56:17 INFO  [main] test.Login (Login.java:27) - Login attempt completed for email: rajat@mailinator.com
2025-05-30 14:56:23 INFO  [main] test.Login (Login.java:23) - Starting login test with email: akash@mailinator.com
2025-05-30 14:56:23 INFO  [main] test.Login (Login.java:27) - Login attempt completed for email: akash@mailinator.com
2025-06-16 15:07:39 INFO  [main] test.Login (Login.java:23) - Starting login test with email: sagar@mailinator.com
2025-06-16 15:07:47 INFO  [main] test.Login (Login.java:23) - Starting login test with email: rajat@mailinator.com
